<?xml version="1.0" encoding="UTF-8"?>
<testsuites name="Get Organization List" time="8" tests="2" failures="0" errors="1">
   <testsuite name="Get Organization List" tests="2" failures="0" errors="1" time="8" timestamp="2019-04-04 17:14:59" hostname="srishty.rawat - CYG188.cybergindia.local" id="Test Suites/Get Organization List">
      <properties>
         <property name="deviceName" value=""/>
         <property name="devicePlatform" value=""/>
         <property name="logFolder" value="C:\\Users\\srishty.rawat\\Desktop\\Default.Web\\Reports\\Get Organization List\\20190404_171455"/>
         <property name="logFiles" value="C:\\Users\\srishty.rawat\\Desktop\\Default.Web\\Reports\\Get Organization List\\20190404_171455\\execution0.log"/>
         <property name="attachments" value=""/>
         <property name="hostName" value="srishty.rawat - CYG188.cybergindia.local"/>
         <property name="hostAddress" value="172.25.123.190"/>
         <property name="os" value="Windows 10 64bit"/>
         <property name="katalonVersion" value="6.1.0.1"/>
      </properties>
      <testcase name="Test Cases/API Test/Get Organization List/Succeed With Auth" classname="Test Cases/API Test/Get Organization List/Succeed With Auth" status="PASSED">
         <system-out><![CDATA[2019-04-04 17:14:59 - [TEST_CASE][PASSED] - Test Cases/API Test/Get Organization List/Succeed With Auth: Test Cases/API Test/Get Organization List/Succeed With Auth

2019-04-04 17:15:00 - [TEST_STEP][PASSED] - signInRequest = findTestObject("Auth/Sign In"): null

2019-04-04 17:15:00 - [TEST_STEP][PASSED] - signInResponse = sendRequest(signInRequest): Send request successfully

2019-04-04 17:15:04 - [MESSAGE][INFO] - HAR: C:\Users\srishty.rawat\Desktop\Default.Web\Reports\Get Organization List\20190404_171455\requests\main\0.har

2019-04-04 17:15:04 - [MESSAGE][PASSED] - Send request successfully

2019-04-04 17:15:04 - [TEST_STEP][PASSED] - request = findTestObject("Object Repository/Org Admin/Get Organization List"): null

2019-04-04 17:15:04 - [TEST_STEP][PASSED] - jsonSlurper = new groovy.json.JsonSlurper(): null

2019-04-04 17:15:04 - [TEST_STEP][PASSED] - signInResponseBody = jsonSlurper.parseText(signInResponse.getResponseBodyContent()): null

2019-04-04 17:15:04 - [TEST_STEP][PASSED] - GlobalVariableHelper.addGlobalVariable("Authorization", "Bearer " + token): GlobalVariableHelper.addGlobalVariable is PASSED

2019-04-04 17:15:05 - [MESSAGE][PASSED] - GlobalVariableHelper.addGlobalVariable is PASSED

2019-04-04 17:15:05 - [TEST_STEP][PASSED] - Authorization = "Bearer " + token: null

2019-04-04 17:15:05 - [TEST_STEP][PASSED] - println(Authorization): null

2019-04-04 17:15:05 - [TEST_STEP][PASSED] - authHeader = new com.kms.katalon.core.testobject.TestObjectProperty(Authorization, com.kms.katalon.core.testobject.ConditionType.EQUALS, (Bearer  + signInResponseBody.data.token)): null

2019-04-04 17:15:05 - [TEST_STEP][PASSED] - httpHeaderProperties.add(authHeader): null

2019-04-04 17:15:05 - [TEST_STEP][PASSED] - Authorization = "Bearer " + token: null

2019-04-04 17:15:05 - [TEST_STEP][PASSED] - response = sendRequest(request): Send request successfully

2019-04-04 17:15:06 - [MESSAGE][INFO] - HAR: C:\Users\srishty.rawat\Desktop\Default.Web\Reports\Get Organization List\20190404_171455\requests\main\1.har

2019-04-04 17:15:06 - [MESSAGE][PASSED] - Send request successfully

2019-04-04 17:15:06 - [TEST_STEP][PASSED] - verifyResponseStatusCode(response, 200): Verify response status code successfully

2019-04-04 17:15:06 - [MESSAGE][PASSED] - Verify response status code successfully

2019-04-04 17:15:06 - [TEST_STEP][PASSED] - verifyElementPropertyValue(response, "isSuccess", true): Verify element property value successfully

2019-04-04 17:15:06 - [MESSAGE][PASSED] - Verify element property value successfully]]></system-out>
         <system-err><![CDATA[]]></system-err>
      </testcase>
      <testcase name="Test Cases/API Test/Get Organization List/Fail Without Auth" classname="Test Cases/API Test/Get Organization List/Fail Without Auth" status="PASSED">
         <system-out><![CDATA[2019-04-04 17:15:06 - [TEST_CASE][PASSED] - Test Cases/API Test/Get Organization List/Fail Without Auth: Test Cases/API Test/Get Organization List/Fail Without Auth

2019-04-04 17:15:06 - [TEST_STEP][PASSED] - request = findTestObject("Object Repository/Org Admin/Get Organization List"): null

2019-04-04 17:15:06 - [TEST_STEP][PASSED] - response = sendRequest(request): Send request successfully

2019-04-04 17:15:07 - [MESSAGE][INFO] - HAR: C:\Users\srishty.rawat\Desktop\Default.Web\Reports\Get Organization List\20190404_171455\requests\main\2.har

2019-04-04 17:15:07 - [MESSAGE][PASSED] - Send request successfully

2019-04-04 17:15:07 - [TEST_STEP][PASSED] - verifyResponseStatusCode(response, 401): Verify response status code successfully

2019-04-04 17:15:07 - [MESSAGE][PASSED] - Verify response status code successfully]]></system-out>
         <system-err><![CDATA[]]></system-err>
      </testcase>
      <testcase name="Test Cases/API Test/Activation/Succeed with Auth" classname="Test Cases/API Test/Activation/Succeed with Auth" status="ERROR">
         <error type="ERROR" message="Test Cases/API Test/Activation/Succeed with Auth FAILED.
Reason:
groovy.lang.MissingPropertyException: No such property: signInResponseBody for class: Script1554285429604
	at Succeed with Auth.run(Succeed with Auth:32)
	at com.kms.katalon.core.main.ScriptEngine.run(ScriptEngine.java:194)
	at com.kms.katalon.core.main.ScriptEngine.runScriptAsRawText(ScriptEngine.java:119)
	at com.kms.katalon.core.main.TestCaseExecutor.runScript(TestCaseExecutor.java:331)
	at com.kms.katalon.core.main.TestCaseExecutor.doExecute(TestCaseExecutor.java:322)
	at com.kms.katalon.core.main.TestCaseExecutor.processExecutionPhase(TestCaseExecutor.java:301)
	at com.kms.katalon.core.main.TestCaseExecutor.accessMainPhase(TestCaseExecutor.java:293)
	at com.kms.katalon.core.main.TestCaseExecutor.execute(TestCaseExecutor.java:227)
	at com.kms.katalon.core.main.TestSuiteExecutor.accessTestCaseMainPhase(TestSuiteExecutor.java:129)
	at com.kms.katalon.core.main.TestSuiteExecutor.accessTestSuiteMainPhase(TestSuiteExecutor.java:112)
	at com.kms.katalon.core.main.TestSuiteExecutor.execute(TestSuiteExecutor.java:81)
	at com.kms.katalon.core.main.TestCaseMain.startTestSuite(TestCaseMain.java:157)
	at com.kms.katalon.core.main.TestCaseMain$startTestSuite$0.call(Unknown Source)
	at TempTestSuite1554378295325.run(TempTestSuite1554378295325.groovy:35)
"/>
         <system-out><![CDATA[2019-04-04 17:15:07 - [TEST_CASE][ERROR] - Test Cases/API Test/Activation/Succeed with Auth: Test Cases/API Test/Activation/Succeed with Auth FAILED.
Reason:
groovy.lang.MissingPropertyException: No such property: signInResponseBody for class: Script1554285429604
	at Succeed with Auth.run(Succeed with Auth:32)
	at com.kms.katalon.core.main.ScriptEngine.run(ScriptEngine.java:194)
	at com.kms.katalon.core.main.ScriptEngine.runScriptAsRawText(ScriptEngine.java:119)
	at com.kms.katalon.core.main.TestCaseExecutor.runScript(TestCaseExecutor.java:331)
	at com.kms.katalon.core.main.TestCaseExecutor.doExecute(TestCaseExecutor.java:322)
	at com.kms.katalon.core.main.TestCaseExecutor.processExecutionPhase(TestCaseExecutor.java:301)
	at com.kms.katalon.core.main.TestCaseExecutor.accessMainPhase(TestCaseExecutor.java:293)
	at com.kms.katalon.core.main.TestCaseExecutor.execute(TestCaseExecutor.java:227)
	at com.kms.katalon.core.main.TestSuiteExecutor.accessTestCaseMainPhase(TestSuiteExecutor.java:129)
	at com.kms.katalon.core.main.TestSuiteExecutor.accessTestSuiteMainPhase(TestSuiteExecutor.java:112)
	at com.kms.katalon.core.main.TestSuiteExecutor.execute(TestSuiteExecutor.java:81)
	at com.kms.katalon.core.main.TestCaseMain.startTestSuite(TestCaseMain.java:157)
	at com.kms.katalon.core.main.TestCaseMain$startTestSuite$0.call(Unknown Source)
	at TempTestSuite1554378295325.run(TempTestSuite1554378295325.groovy:35)


2019-04-04 17:15:07 - [TEST_STEP][PASSED] - request = findTestObject("Object Repository/Org Admin/Reactivate Organization"): null

2019-04-04 17:15:07 - [TEST_STEP][ERROR] - authHeader = new com.kms.katalon.core.testobject.TestObjectProperty(Authorization, com.kms.katalon.core.testobject.ConditionType.EQUALS, (Bearer  + signInResponseBody.data.token)): authHeader = new com.kms.katalon.core.testobject.TestObjectProperty(Authorization, com.kms.katalon.core.testobject.ConditionType.EQUALS, (Bearer  + signInResponseBody.data.token)) FAILED.
Reason:
groovy.lang.MissingPropertyException: No such property: signInResponseBody for class: Script1554285429604
	at Succeed with Auth.run(Succeed with Auth:32)
	at com.kms.katalon.core.main.ScriptEngine.run(ScriptEngine.java:194)
	at com.kms.katalon.core.main.ScriptEngine.runScriptAsRawText(ScriptEngine.java:119)
	at com.kms.katalon.core.main.TestCaseExecutor.runScript(TestCaseExecutor.java:331)
	at com.kms.katalon.core.main.TestCaseExecutor.doExecute(TestCaseExecutor.java:322)
	at com.kms.katalon.core.main.TestCaseExecutor.processExecutionPhase(TestCaseExecutor.java:301)
	at com.kms.katalon.core.main.TestCaseExecutor.accessMainPhase(TestCaseExecutor.java:293)
	at com.kms.katalon.core.main.TestCaseExecutor.execute(TestCaseExecutor.java:227)
	at com.kms.katalon.core.main.TestSuiteExecutor.accessTestCaseMainPhase(TestSuiteExecutor.java:129)
	at com.kms.katalon.core.main.TestSuiteExecutor.accessTestSuiteMainPhase(TestSuiteExecutor.java:112)
	at com.kms.katalon.core.main.TestSuiteExecutor.execute(TestSuiteExecutor.java:81)
	at com.kms.katalon.core.main.TestCaseMain.startTestSuite(TestCaseMain.java:157)
	at com.kms.katalon.core.main.TestCaseMain$startTestSuite$0.call(Unknown Source)
	at TempTestSuite1554378295325.run(TempTestSuite1554378295325.groovy:35)


2019-04-04 17:15:07 - [MESSAGE][ERROR] - authHeader = new com.kms.katalon.core.testobject.TestObjectProperty(Authorization, com.kms.katalon.core.testobject.ConditionType.EQUALS, (Bearer  + signInResponseBody.data.token)) FAILED.
Reason:
groovy.lang.MissingPropertyException: No such property: signInResponseBody for class: Script1554285429604
	at Succeed with Auth.run(Succeed with Auth:32)
	at com.kms.katalon.core.main.ScriptEngine.run(ScriptEngine.java:194)
	at com.kms.katalon.core.main.ScriptEngine.runScriptAsRawText(ScriptEngine.java:119)
	at com.kms.katalon.core.main.TestCaseExecutor.runScript(TestCaseExecutor.java:331)
	at com.kms.katalon.core.main.TestCaseExecutor.doExecute(TestCaseExecutor.java:322)
	at com.kms.katalon.core.main.TestCaseExecutor.processExecutionPhase(TestCaseExecutor.java:301)
	at com.kms.katalon.core.main.TestCaseExecutor.accessMainPhase(TestCaseExecutor.java:293)
	at com.kms.katalon.core.main.TestCaseExecutor.execute(TestCaseExecutor.java:227)
	at com.kms.katalon.core.main.TestSuiteExecutor.accessTestCaseMainPhase(TestSuiteExecutor.java:129)
	at com.kms.katalon.core.main.TestSuiteExecutor.accessTestSuiteMainPhase(TestSuiteExecutor.java:112)
	at com.kms.katalon.core.main.TestSuiteExecutor.execute(TestSuiteExecutor.java:81)
	at com.kms.katalon.core.main.TestCaseMain.startTestSuite(TestCaseMain.java:157)
	at com.kms.katalon.core.main.TestCaseMain$startTestSuite$0.call(Unknown Source)
	at TempTestSuite1554378295325.run(TempTestSuite1554378295325.groovy:35)]]></system-out>
         <system-err><![CDATA[2019-04-04 17:15:07 - [TEST_CASE][ERROR] - Test Cases/API Test/Activation/Succeed with Auth: Test Cases/API Test/Activation/Succeed with Auth FAILED.
Reason:
groovy.lang.MissingPropertyException: No such property: signInResponseBody for class: Script1554285429604
	at Succeed with Auth.run(Succeed with Auth:32)
	at com.kms.katalon.core.main.ScriptEngine.run(ScriptEngine.java:194)
	at com.kms.katalon.core.main.ScriptEngine.runScriptAsRawText(ScriptEngine.java:119)
	at com.kms.katalon.core.main.TestCaseExecutor.runScript(TestCaseExecutor.java:331)
	at com.kms.katalon.core.main.TestCaseExecutor.doExecute(TestCaseExecutor.java:322)
	at com.kms.katalon.core.main.TestCaseExecutor.processExecutionPhase(TestCaseExecutor.java:301)
	at com.kms.katalon.core.main.TestCaseExecutor.accessMainPhase(TestCaseExecutor.java:293)
	at com.kms.katalon.core.main.TestCaseExecutor.execute(TestCaseExecutor.java:227)
	at com.kms.katalon.core.main.TestSuiteExecutor.accessTestCaseMainPhase(TestSuiteExecutor.java:129)
	at com.kms.katalon.core.main.TestSuiteExecutor.accessTestSuiteMainPhase(TestSuiteExecutor.java:112)
	at com.kms.katalon.core.main.TestSuiteExecutor.execute(TestSuiteExecutor.java:81)
	at com.kms.katalon.core.main.TestCaseMain.startTestSuite(TestCaseMain.java:157)
	at com.kms.katalon.core.main.TestCaseMain$startTestSuite$0.call(Unknown Source)
	at TempTestSuite1554378295325.run(TempTestSuite1554378295325.groovy:35)]]></system-err>
      </testcase>
      <system-out><![CDATA[2019-04-04 17:14:59 - [TEST_SUITE][ERROR] - Get Organization List: Test Cases/API Test/Activation/Succeed with Auth FAILED.
Reason:
groovy.lang.MissingPropertyException: No such property: signInResponseBody for class: Script1554285429604
	at Succeed with Auth.run(Succeed with Auth:32)
	at com.kms.katalon.core.main.ScriptEngine.run(ScriptEngine.java:194)
	at com.kms.katalon.core.main.ScriptEngine.runScriptAsRawText(ScriptEngine.java:119)
	at com.kms.katalon.core.main.TestCaseExecutor.runScript(TestCaseExecutor.java:331)
	at com.kms.katalon.core.main.TestCaseExecutor.doExecute(TestCaseExecutor.java:322)
	at com.kms.katalon.core.main.TestCaseExecutor.processExecutionPhase(TestCaseExecutor.java:301)
	at com.kms.katalon.core.main.TestCaseExecutor.accessMainPhase(TestCaseExecutor.java:293)
	at com.kms.katalon.core.main.TestCaseExecutor.execute(TestCaseExecutor.java:227)
	at com.kms.katalon.core.main.TestSuiteExecutor.accessTestCaseMainPhase(TestSuiteExecutor.java:129)
	at com.kms.katalon.core.main.TestSuiteExecutor.accessTestSuiteMainPhase(TestSuiteExecutor.java:112)
	at com.kms.katalon.core.main.TestSuiteExecutor.execute(TestSuiteExecutor.java:81)
	at com.kms.katalon.core.main.TestCaseMain.startTestSuite(TestCaseMain.java:157)
	at com.kms.katalon.core.main.TestCaseMain$startTestSuite$0.call(Unknown Source)
	at TempTestSuite1554378295325.run(TempTestSuite1554378295325.groovy:35)]]></system-out>
      <system-err><![CDATA[2019-04-04 17:14:59 - [TEST_SUITE][ERROR] - Get Organization List: Test Cases/API Test/Activation/Succeed with Auth FAILED.
Reason:
groovy.lang.MissingPropertyException: No such property: signInResponseBody for class: Script1554285429604
	at Succeed with Auth.run(Succeed with Auth:32)
	at com.kms.katalon.core.main.ScriptEngine.run(ScriptEngine.java:194)
	at com.kms.katalon.core.main.ScriptEngine.runScriptAsRawText(ScriptEngine.java:119)
	at com.kms.katalon.core.main.TestCaseExecutor.runScript(TestCaseExecutor.java:331)
	at com.kms.katalon.core.main.TestCaseExecutor.doExecute(TestCaseExecutor.java:322)
	at com.kms.katalon.core.main.TestCaseExecutor.processExecutionPhase(TestCaseExecutor.java:301)
	at com.kms.katalon.core.main.TestCaseExecutor.accessMainPhase(TestCaseExecutor.java:293)
	at com.kms.katalon.core.main.TestCaseExecutor.execute(TestCaseExecutor.java:227)
	at com.kms.katalon.core.main.TestSuiteExecutor.accessTestCaseMainPhase(TestSuiteExecutor.java:129)
	at com.kms.katalon.core.main.TestSuiteExecutor.accessTestSuiteMainPhase(TestSuiteExecutor.java:112)
	at com.kms.katalon.core.main.TestSuiteExecutor.execute(TestSuiteExecutor.java:81)
	at com.kms.katalon.core.main.TestCaseMain.startTestSuite(TestCaseMain.java:157)
	at com.kms.katalon.core.main.TestCaseMain$startTestSuite$0.call(Unknown Source)
	at TempTestSuite1554378295325.run(TempTestSuite1554378295325.groovy:35)]]></system-err>
   </testsuite>
</testsuites>
